mode: set
github.com/adamlahbib/go-grpc/internal/db/db.go:10.24,17.16 2 0
github.com/adamlahbib/go-grpc/internal/db/db.go:17.16,19.3 1 0
github.com/adamlahbib/go-grpc/internal/db/db.go:20.2,20.11 1 0
github.com/adamlahbib/go-grpc/cmd/grpc-clean/main.go:15.13,20.55 2 0
github.com/adamlahbib/go-grpc/cmd/grpc-clean/main.go:20.55,22.3 1 0
github.com/adamlahbib/go-grpc/cmd/grpc-clean/main.go:25.2,26.16 2 0
github.com/adamlahbib/go-grpc/cmd/grpc-clean/main.go:26.16,28.3 1 0
github.com/adamlahbib/go-grpc/cmd/grpc-clean/main.go:31.2,35.30 3 0
github.com/adamlahbib/go-grpc/pkg/v1/handler/grpc/user_service.go:20.78,23.2 2 0
github.com/adamlahbib/go-grpc/pkg/v1/handler/grpc/user_service.go:26.111,34.41 2 0
github.com/adamlahbib/go-grpc/pkg/v1/handler/grpc/user_service.go:34.41,36.3 1 0
github.com/adamlahbib/go-grpc/pkg/v1/handler/grpc/user_service.go:39.2,40.16 2 0
github.com/adamlahbib/go-grpc/pkg/v1/handler/grpc/user_service.go:40.16,42.3 1 0
github.com/adamlahbib/go-grpc/pkg/v1/handler/grpc/user_service.go:45.2,49.8 1 0
github.com/adamlahbib/go-grpc/pkg/v1/usecase/usecase.go:16.69,18.2 1 0
github.com/adamlahbib/go-grpc/pkg/v1/usecase/usecase.go:21.65,23.83 1 0
github.com/adamlahbib/go-grpc/pkg/v1/usecase/usecase.go:23.83,25.3 1 0
github.com/adamlahbib/go-grpc/pkg/v1/usecase/usecase.go:28.2,28.28 1 0
github.com/adamlahbib/go-grpc/pkg/v1/usecase/usecase.go:32.55,37.44 3 0
github.com/adamlahbib/go-grpc/pkg/v1/usecase/usecase.go:37.44,38.45 1 0
github.com/adamlahbib/go-grpc/pkg/v1/usecase/usecase.go:38.45,40.4 1 0
github.com/adamlahbib/go-grpc/pkg/v1/usecase/usecase.go:43.3,43.28 1 0
github.com/adamlahbib/go-grpc/pkg/v1/usecase/usecase.go:47.2,47.18 1 0
github.com/adamlahbib/go-grpc/pkg/v1/usecase/usecase.go:51.58,56.69 3 0
github.com/adamlahbib/go-grpc/pkg/v1/usecase/usecase.go:56.69,58.3 1 0
github.com/adamlahbib/go-grpc/pkg/v1/usecase/usecase.go:61.2,61.38 1 0
github.com/adamlahbib/go-grpc/pkg/v1/usecase/usecase.go:61.38,63.3 1 0
github.com/adamlahbib/go-grpc/pkg/v1/usecase/usecase.go:66.2,66.36 1 0
github.com/adamlahbib/go-grpc/pkg/v1/usecase/usecase.go:70.43,72.42 1 0
github.com/adamlahbib/go-grpc/pkg/v1/usecase/usecase.go:72.42,74.3 1 0
github.com/adamlahbib/go-grpc/pkg/v1/usecase/usecase.go:76.2,76.26 1 0
github.com/adamlahbib/go-grpc/proto/user.pb.go:32.37,37.2 4 0
github.com/adamlahbib/go-grpc/proto/user.pb.go:39.45,41.2 1 0
github.com/adamlahbib/go-grpc/proto/user.pb.go:43.43,43.44 0 0
github.com/adamlahbib/go-grpc/proto/user.pb.go:45.65,47.14 2 0
github.com/adamlahbib/go-grpc/proto/user.pb.go:47.14,49.34 2 0
github.com/adamlahbib/go-grpc/proto/user.pb.go:49.34,51.4 1 0
github.com/adamlahbib/go-grpc/proto/user.pb.go:52.3,52.12 1 0
github.com/adamlahbib/go-grpc/proto/user.pb.go:54.2,54.24 1 0
github.com/adamlahbib/go-grpc/proto/user.pb.go:58.56,60.2 1 0
github.com/adamlahbib/go-grpc/proto/user.pb.go:62.46,63.14 1 0
github.com/adamlahbib/go-grpc/proto/user.pb.go:63.14,65.3 1 0
github.com/adamlahbib/go-grpc/proto/user.pb.go:66.2,66.11 1 0
github.com/adamlahbib/go-grpc/proto/user.pb.go:69.47,70.14 1 0
github.com/adamlahbib/go-grpc/proto/user.pb.go:70.14,72.3 1 0
github.com/adamlahbib/go-grpc/proto/user.pb.go:73.2,73.11 1 0
github.com/adamlahbib/go-grpc/proto/user.pb.go:84.37,89.2 4 0
github.com/adamlahbib/go-grpc/proto/user.pb.go:91.45,93.2 1 0
github.com/adamlahbib/go-grpc/proto/user.pb.go:95.43,95.44 0 0
github.com/adamlahbib/go-grpc/proto/user.pb.go:97.65,99.14 2 0
github.com/adamlahbib/go-grpc/proto/user.pb.go:99.14,101.34 2 0
github.com/adamlahbib/go-grpc/proto/user.pb.go:101.34,103.4 1 0
github.com/adamlahbib/go-grpc/proto/user.pb.go:104.3,104.12 1 0
github.com/adamlahbib/go-grpc/proto/user.pb.go:106.2,106.24 1 0
github.com/adamlahbib/go-grpc/proto/user.pb.go:110.56,112.2 1 0
github.com/adamlahbib/go-grpc/proto/user.pb.go:114.44,115.14 1 0
github.com/adamlahbib/go-grpc/proto/user.pb.go:115.14,117.3 1 0
github.com/adamlahbib/go-grpc/proto/user.pb.go:118.2,118.11 1 0
github.com/adamlahbib/go-grpc/proto/user.pb.go:131.39,136.2 4 0
github.com/adamlahbib/go-grpc/proto/user.pb.go:138.47,140.2 1 0
github.com/adamlahbib/go-grpc/proto/user.pb.go:142.45,142.46 0 0
github.com/adamlahbib/go-grpc/proto/user.pb.go:144.67,146.14 2 0
github.com/adamlahbib/go-grpc/proto/user.pb.go:146.14,148.34 2 0
github.com/adamlahbib/go-grpc/proto/user.pb.go:148.34,150.4 1 0
github.com/adamlahbib/go-grpc/proto/user.pb.go:151.3,151.12 1 0
github.com/adamlahbib/go-grpc/proto/user.pb.go:153.2,153.24 1 0
github.com/adamlahbib/go-grpc/proto/user.pb.go:157.58,159.2 1 0
github.com/adamlahbib/go-grpc/proto/user.pb.go:161.46,162.14 1 0
github.com/adamlahbib/go-grpc/proto/user.pb.go:162.14,164.3 1 0
github.com/adamlahbib/go-grpc/proto/user.pb.go:165.2,165.11 1 0
github.com/adamlahbib/go-grpc/proto/user.pb.go:168.48,169.14 1 0
github.com/adamlahbib/go-grpc/proto/user.pb.go:169.14,171.3 1 0
github.com/adamlahbib/go-grpc/proto/user.pb.go:172.2,172.11 1 0
github.com/adamlahbib/go-grpc/proto/user.pb.go:175.49,176.14 1 0
github.com/adamlahbib/go-grpc/proto/user.pb.go:176.14,178.3 1 0
github.com/adamlahbib/go-grpc/proto/user.pb.go:179.2,179.11 1 0
github.com/adamlahbib/go-grpc/proto/user.pb.go:190.35,195.2 4 0
github.com/adamlahbib/go-grpc/proto/user.pb.go:197.43,199.2 1 0
github.com/adamlahbib/go-grpc/proto/user.pb.go:201.41,201.42 0 0
github.com/adamlahbib/go-grpc/proto/user.pb.go:203.63,205.14 2 0
github.com/adamlahbib/go-grpc/proto/user.pb.go:205.14,207.34 2 0
github.com/adamlahbib/go-grpc/proto/user.pb.go:207.34,209.4 1 0
github.com/adamlahbib/go-grpc/proto/user.pb.go:210.3,210.12 1 0
github.com/adamlahbib/go-grpc/proto/user.pb.go:212.2,212.24 1 0
github.com/adamlahbib/go-grpc/proto/user.pb.go:216.54,218.2 1 0
github.com/adamlahbib/go-grpc/proto/user.pb.go:220.47,221.14 1 0
github.com/adamlahbib/go-grpc/proto/user.pb.go:221.14,223.3 1 0
github.com/adamlahbib/go-grpc/proto/user.pb.go:224.2,224.11 1 0
github.com/adamlahbib/go-grpc/proto/user.pb.go:267.49,268.46 1 0
github.com/adamlahbib/go-grpc/proto/user.pb.go:268.46,270.3 1 0
github.com/adamlahbib/go-grpc/proto/user.pb.go:271.2,271.42 1 0
github.com/adamlahbib/go-grpc/proto/user.pb.go:297.13,297.45 1 0
github.com/adamlahbib/go-grpc/proto/user.pb.go:298.35,299.34 1 0
github.com/adamlahbib/go-grpc/proto/user.pb.go:299.34,301.3 1 0
github.com/adamlahbib/go-grpc/proto/user.pb.go:302.2,319.37 6 0
github.com/adamlahbib/go-grpc/proto/user_grpc.pb.go:42.74,44.2 1 0
github.com/adamlahbib/go-grpc/proto/user_grpc.pb.go:46.135,50.16 4 0
github.com/adamlahbib/go-grpc/proto/user_grpc.pb.go:50.16,52.3 1 0
github.com/adamlahbib/go-grpc/proto/user_grpc.pb.go:53.2,53.17 1 0
github.com/adamlahbib/go-grpc/proto/user_grpc.pb.go:56.133,60.16 4 0
github.com/adamlahbib/go-grpc/proto/user_grpc.pb.go:60.16,62.3 1 0
github.com/adamlahbib/go-grpc/proto/user_grpc.pb.go:63.2,63.17 1 0
github.com/adamlahbib/go-grpc/proto/user_grpc.pb.go:66.131,70.16 4 0
github.com/adamlahbib/go-grpc/proto/user_grpc.pb.go:70.16,72.3 1 0
github.com/adamlahbib/go-grpc/proto/user_grpc.pb.go:73.2,73.17 1 0
github.com/adamlahbib/go-grpc/proto/user_grpc.pb.go:76.131,80.16 4 0
github.com/adamlahbib/go-grpc/proto/user_grpc.pb.go:80.16,82.3 1 0
github.com/adamlahbib/go-grpc/proto/user_grpc.pb.go:83.2,83.17 1 0
github.com/adamlahbib/go-grpc/proto/user_grpc.pb.go:104.113,106.2 1 0
github.com/adamlahbib/go-grpc/proto/user_grpc.pb.go:107.111,109.2 1 0
github.com/adamlahbib/go-grpc/proto/user_grpc.pb.go:110.109,112.2 1 0
github.com/adamlahbib/go-grpc/proto/user_grpc.pb.go:113.109,115.2 1 0
github.com/adamlahbib/go-grpc/proto/user_grpc.pb.go:116.82,116.83 0 0
github.com/adamlahbib/go-grpc/proto/user_grpc.pb.go:117.82,117.83 0 0
github.com/adamlahbib/go-grpc/proto/user_grpc.pb.go:126.80,131.59 1 0
github.com/adamlahbib/go-grpc/proto/user_grpc.pb.go:131.59,133.3 1 0
github.com/adamlahbib/go-grpc/proto/user_grpc.pb.go:134.2,134.50 1 0
github.com/adamlahbib/go-grpc/proto/user_grpc.pb.go:137.163,139.32 2 0
github.com/adamlahbib/go-grpc/proto/user_grpc.pb.go:139.32,141.3 1 0
github.com/adamlahbib/go-grpc/proto/user_grpc.pb.go:142.2,142.24 1 0
github.com/adamlahbib/go-grpc/proto/user_grpc.pb.go:142.24,144.3 1 0
github.com/adamlahbib/go-grpc/proto/user_grpc.pb.go:145.2,149.77 2 0
github.com/adamlahbib/go-grpc/proto/user_grpc.pb.go:149.77,151.3 1 0
github.com/adamlahbib/go-grpc/proto/user_grpc.pb.go:152.2,152.44 1 0
github.com/adamlahbib/go-grpc/proto/user_grpc.pb.go:155.161,157.32 2 0
github.com/adamlahbib/go-grpc/proto/user_grpc.pb.go:157.32,159.3 1 0
github.com/adamlahbib/go-grpc/proto/user_grpc.pb.go:160.2,160.24 1 0
github.com/adamlahbib/go-grpc/proto/user_grpc.pb.go:160.24,162.3 1 0
github.com/adamlahbib/go-grpc/proto/user_grpc.pb.go:163.2,167.77 2 0
github.com/adamlahbib/go-grpc/proto/user_grpc.pb.go:167.77,169.3 1 0
github.com/adamlahbib/go-grpc/proto/user_grpc.pb.go:170.2,170.44 1 0
github.com/adamlahbib/go-grpc/proto/user_grpc.pb.go:173.163,175.32 2 0
github.com/adamlahbib/go-grpc/proto/user_grpc.pb.go:175.32,177.3 1 0
github.com/adamlahbib/go-grpc/proto/user_grpc.pb.go:178.2,178.24 1 0
github.com/adamlahbib/go-grpc/proto/user_grpc.pb.go:178.24,180.3 1 0
github.com/adamlahbib/go-grpc/proto/user_grpc.pb.go:181.2,185.77 2 0
github.com/adamlahbib/go-grpc/proto/user_grpc.pb.go:185.77,187.3 1 0
github.com/adamlahbib/go-grpc/proto/user_grpc.pb.go:188.2,188.44 1 0
github.com/adamlahbib/go-grpc/proto/user_grpc.pb.go:191.163,193.32 2 0
github.com/adamlahbib/go-grpc/proto/user_grpc.pb.go:193.32,195.3 1 0
github.com/adamlahbib/go-grpc/proto/user_grpc.pb.go:196.2,196.24 1 0
github.com/adamlahbib/go-grpc/proto/user_grpc.pb.go:196.24,198.3 1 0
github.com/adamlahbib/go-grpc/proto/user_grpc.pb.go:199.2,203.77 2 0
github.com/adamlahbib/go-grpc/proto/user_grpc.pb.go:203.77,205.3 1 0
github.com/adamlahbib/go-grpc/proto/user_grpc.pb.go:206.2,206.44 1 0
github.com/adamlahbib/go-grpc/pkg/v1/repository/gorm.go:15.48,17.2 1 0
github.com/adamlahbib/go-grpc/pkg/v1/repository/gorm.go:20.62,22.2 1 0
github.com/adamlahbib/go-grpc/pkg/v1/repository/gorm.go:25.52,28.2 2 0
github.com/adamlahbib/go-grpc/pkg/v1/repository/gorm.go:31.47,33.54 2 0
github.com/adamlahbib/go-grpc/pkg/v1/repository/gorm.go:33.54,35.3 1 0
github.com/adamlahbib/go-grpc/pkg/v1/repository/gorm.go:36.2,37.28 2 0
github.com/adamlahbib/go-grpc/pkg/v1/repository/gorm.go:41.40,43.2 1 0
github.com/adamlahbib/go-grpc/pkg/v1/repository/gorm.go:46.47,49.2 2 0
github.com/adamlahbib/go-grpc/proto/user.pb.go:32.37,37.2 4 0
github.com/adamlahbib/go-grpc/proto/user.pb.go:39.45,41.2 1 0
github.com/adamlahbib/go-grpc/proto/user.pb.go:43.43,43.44 0 0
github.com/adamlahbib/go-grpc/proto/user.pb.go:45.65,47.14 2 1
github.com/adamlahbib/go-grpc/proto/user.pb.go:47.14,49.34 2 1
github.com/adamlahbib/go-grpc/proto/user.pb.go:49.34,51.4 1 1
github.com/adamlahbib/go-grpc/proto/user.pb.go:52.3,52.12 1 1
github.com/adamlahbib/go-grpc/proto/user.pb.go:54.2,54.24 1 0
github.com/adamlahbib/go-grpc/proto/user.pb.go:58.56,60.2 1 0
github.com/adamlahbib/go-grpc/proto/user.pb.go:62.46,63.14 1 0
github.com/adamlahbib/go-grpc/proto/user.pb.go:63.14,65.3 1 0
github.com/adamlahbib/go-grpc/proto/user.pb.go:66.2,66.11 1 0
github.com/adamlahbib/go-grpc/proto/user.pb.go:69.47,70.14 1 0
github.com/adamlahbib/go-grpc/proto/user.pb.go:70.14,72.3 1 0
github.com/adamlahbib/go-grpc/proto/user.pb.go:73.2,73.11 1 0
github.com/adamlahbib/go-grpc/proto/user.pb.go:84.37,89.2 4 0
github.com/adamlahbib/go-grpc/proto/user.pb.go:91.45,93.2 1 0
github.com/adamlahbib/go-grpc/proto/user.pb.go:95.43,95.44 0 0
github.com/adamlahbib/go-grpc/proto/user.pb.go:97.65,99.14 2 0
github.com/adamlahbib/go-grpc/proto/user.pb.go:99.14,101.34 2 0
github.com/adamlahbib/go-grpc/proto/user.pb.go:101.34,103.4 1 0
github.com/adamlahbib/go-grpc/proto/user.pb.go:104.3,104.12 1 0
github.com/adamlahbib/go-grpc/proto/user.pb.go:106.2,106.24 1 0
github.com/adamlahbib/go-grpc/proto/user.pb.go:110.56,112.2 1 0
github.com/adamlahbib/go-grpc/proto/user.pb.go:114.44,115.14 1 0
github.com/adamlahbib/go-grpc/proto/user.pb.go:115.14,117.3 1 0
github.com/adamlahbib/go-grpc/proto/user.pb.go:118.2,118.11 1 0
github.com/adamlahbib/go-grpc/proto/user.pb.go:131.39,136.2 4 0
github.com/adamlahbib/go-grpc/proto/user.pb.go:138.47,140.2 1 0
github.com/adamlahbib/go-grpc/proto/user.pb.go:142.45,142.46 0 0
github.com/adamlahbib/go-grpc/proto/user.pb.go:144.67,146.14 2 0
github.com/adamlahbib/go-grpc/proto/user.pb.go:146.14,148.34 2 0
github.com/adamlahbib/go-grpc/proto/user.pb.go:148.34,150.4 1 0
github.com/adamlahbib/go-grpc/proto/user.pb.go:151.3,151.12 1 0
github.com/adamlahbib/go-grpc/proto/user.pb.go:153.2,153.24 1 0
github.com/adamlahbib/go-grpc/proto/user.pb.go:157.58,159.2 1 0
github.com/adamlahbib/go-grpc/proto/user.pb.go:161.46,162.14 1 0
github.com/adamlahbib/go-grpc/proto/user.pb.go:162.14,164.3 1 0
github.com/adamlahbib/go-grpc/proto/user.pb.go:165.2,165.11 1 0
github.com/adamlahbib/go-grpc/proto/user.pb.go:168.48,169.14 1 0
github.com/adamlahbib/go-grpc/proto/user.pb.go:169.14,171.3 1 0
github.com/adamlahbib/go-grpc/proto/user.pb.go:172.2,172.11 1 0
github.com/adamlahbib/go-grpc/proto/user.pb.go:175.49,176.14 1 0
github.com/adamlahbib/go-grpc/proto/user.pb.go:176.14,178.3 1 0
github.com/adamlahbib/go-grpc/proto/user.pb.go:179.2,179.11 1 0
github.com/adamlahbib/go-grpc/proto/user.pb.go:190.35,195.2 4 0
github.com/adamlahbib/go-grpc/proto/user.pb.go:197.43,199.2 1 0
github.com/adamlahbib/go-grpc/proto/user.pb.go:201.41,201.42 0 0
github.com/adamlahbib/go-grpc/proto/user.pb.go:203.63,205.14 2 0
github.com/adamlahbib/go-grpc/proto/user.pb.go:205.14,207.34 2 0
github.com/adamlahbib/go-grpc/proto/user.pb.go:207.34,209.4 1 0
github.com/adamlahbib/go-grpc/proto/user.pb.go:210.3,210.12 1 0
github.com/adamlahbib/go-grpc/proto/user.pb.go:212.2,212.24 1 0
github.com/adamlahbib/go-grpc/proto/user.pb.go:216.54,218.2 1 0
github.com/adamlahbib/go-grpc/proto/user.pb.go:220.47,221.14 1 0
github.com/adamlahbib/go-grpc/proto/user.pb.go:221.14,223.3 1 0
github.com/adamlahbib/go-grpc/proto/user.pb.go:224.2,224.11 1 0
github.com/adamlahbib/go-grpc/proto/user.pb.go:267.49,268.46 1 0
github.com/adamlahbib/go-grpc/proto/user.pb.go:268.46,270.3 1 0
github.com/adamlahbib/go-grpc/proto/user.pb.go:271.2,271.42 1 0
github.com/adamlahbib/go-grpc/proto/user.pb.go:297.13,297.45 1 1
github.com/adamlahbib/go-grpc/proto/user.pb.go:298.35,299.34 1 1
github.com/adamlahbib/go-grpc/proto/user.pb.go:299.34,301.3 1 0
github.com/adamlahbib/go-grpc/proto/user.pb.go:302.2,319.37 6 1
github.com/adamlahbib/go-grpc/proto/user_grpc.pb.go:42.74,44.2 1 1
github.com/adamlahbib/go-grpc/proto/user_grpc.pb.go:46.135,50.16 4 1
github.com/adamlahbib/go-grpc/proto/user_grpc.pb.go:50.16,52.3 1 1
github.com/adamlahbib/go-grpc/proto/user_grpc.pb.go:53.2,53.17 1 0
github.com/adamlahbib/go-grpc/proto/user_grpc.pb.go:56.133,60.16 4 0
github.com/adamlahbib/go-grpc/proto/user_grpc.pb.go:60.16,62.3 1 0
github.com/adamlahbib/go-grpc/proto/user_grpc.pb.go:63.2,63.17 1 0
github.com/adamlahbib/go-grpc/proto/user_grpc.pb.go:66.131,70.16 4 0
github.com/adamlahbib/go-grpc/proto/user_grpc.pb.go:70.16,72.3 1 0
github.com/adamlahbib/go-grpc/proto/user_grpc.pb.go:73.2,73.17 1 0
github.com/adamlahbib/go-grpc/proto/user_grpc.pb.go:76.131,80.16 4 0
github.com/adamlahbib/go-grpc/proto/user_grpc.pb.go:80.16,82.3 1 0
github.com/adamlahbib/go-grpc/proto/user_grpc.pb.go:83.2,83.17 1 0
github.com/adamlahbib/go-grpc/proto/user_grpc.pb.go:104.113,106.2 1 0
github.com/adamlahbib/go-grpc/proto/user_grpc.pb.go:107.111,109.2 1 0
github.com/adamlahbib/go-grpc/proto/user_grpc.pb.go:110.109,112.2 1 0
github.com/adamlahbib/go-grpc/proto/user_grpc.pb.go:113.109,115.2 1 0
github.com/adamlahbib/go-grpc/proto/user_grpc.pb.go:116.82,116.83 0 0
github.com/adamlahbib/go-grpc/proto/user_grpc.pb.go:117.82,117.83 0 0
github.com/adamlahbib/go-grpc/proto/user_grpc.pb.go:126.80,131.59 1 0
github.com/adamlahbib/go-grpc/proto/user_grpc.pb.go:131.59,133.3 1 0
github.com/adamlahbib/go-grpc/proto/user_grpc.pb.go:134.2,134.50 1 0
github.com/adamlahbib/go-grpc/proto/user_grpc.pb.go:137.163,139.32 2 0
github.com/adamlahbib/go-grpc/proto/user_grpc.pb.go:139.32,141.3 1 0
github.com/adamlahbib/go-grpc/proto/user_grpc.pb.go:142.2,142.24 1 0
github.com/adamlahbib/go-grpc/proto/user_grpc.pb.go:142.24,144.3 1 0
github.com/adamlahbib/go-grpc/proto/user_grpc.pb.go:145.2,149.77 2 0
github.com/adamlahbib/go-grpc/proto/user_grpc.pb.go:149.77,151.3 1 0
github.com/adamlahbib/go-grpc/proto/user_grpc.pb.go:152.2,152.44 1 0
github.com/adamlahbib/go-grpc/proto/user_grpc.pb.go:155.161,157.32 2 0
github.com/adamlahbib/go-grpc/proto/user_grpc.pb.go:157.32,159.3 1 0
github.com/adamlahbib/go-grpc/proto/user_grpc.pb.go:160.2,160.24 1 0
github.com/adamlahbib/go-grpc/proto/user_grpc.pb.go:160.24,162.3 1 0
github.com/adamlahbib/go-grpc/proto/user_grpc.pb.go:163.2,167.77 2 0
github.com/adamlahbib/go-grpc/proto/user_grpc.pb.go:167.77,169.3 1 0
github.com/adamlahbib/go-grpc/proto/user_grpc.pb.go:170.2,170.44 1 0
github.com/adamlahbib/go-grpc/proto/user_grpc.pb.go:173.163,175.32 2 0
github.com/adamlahbib/go-grpc/proto/user_grpc.pb.go:175.32,177.3 1 0
github.com/adamlahbib/go-grpc/proto/user_grpc.pb.go:178.2,178.24 1 0
github.com/adamlahbib/go-grpc/proto/user_grpc.pb.go:178.24,180.3 1 0
github.com/adamlahbib/go-grpc/proto/user_grpc.pb.go:181.2,185.77 2 0
github.com/adamlahbib/go-grpc/proto/user_grpc.pb.go:185.77,187.3 1 0
github.com/adamlahbib/go-grpc/proto/user_grpc.pb.go:188.2,188.44 1 0
github.com/adamlahbib/go-grpc/proto/user_grpc.pb.go:191.163,193.32 2 0
github.com/adamlahbib/go-grpc/proto/user_grpc.pb.go:193.32,195.3 1 0
github.com/adamlahbib/go-grpc/proto/user_grpc.pb.go:196.2,196.24 1 0
github.com/adamlahbib/go-grpc/proto/user_grpc.pb.go:196.24,198.3 1 0
github.com/adamlahbib/go-grpc/proto/user_grpc.pb.go:199.2,203.77 2 0
github.com/adamlahbib/go-grpc/proto/user_grpc.pb.go:203.77,205.3 1 0
github.com/adamlahbib/go-grpc/proto/user_grpc.pb.go:206.2,206.44 1 0
